2024-10-29 09:29:29,478 btp INFO Script to update researchoutput in pure from ricgraph has started
2024-10-29 09:29:29,553 btp INFO Processing faculty: uu faculty: information & technology services|organization_name
2024-10-29 09:29:30,188 btp INFO start fetching open alex
2024-10-29 09:29:30,188 btp INFO end fetching open alex
2024-10-29 09:29:30,188 btp INFO Script to update researchoutput in pure from ricgraph has ended
2024-10-29 09:31:03,433 btp INFO Script to update researchoutput in pure from ricgraph has started
2024-10-29 09:31:03,505 btp INFO Processing faculty: uu faculty: information & technology services|organization_name
2024-10-29 09:31:04,118 btp INFO start fetching open alex
2024-10-29 09:31:04,118 btp INFO end fetching open alex
2024-10-29 09:31:04,118 btp INFO Script to update researchoutput in pure from ricgraph has ended
2024-10-29 09:33:52,426 btp INFO Script to update researchoutput in pure from ricgraph has started
2024-10-29 09:33:52,502 btp INFO Processing faculty: uu faculty: information & technology services|organization_name
2024-10-29 09:33:53,134 root INFO total research output selected in ricgraph:  3
2024-10-29 09:33:53,134 root INFO research output selected in ricgraph, not in pure:  0
2024-10-29 09:33:53,134 btp INFO start fetching open alex
2024-10-29 09:33:53,134 btp INFO end fetching open alex
2024-10-29 09:33:53,134 btp INFO Script to update researchoutput in pure from ricgraph has ended
2024-10-29 09:34:05,156 btp INFO Script to update researchoutput in pure from ricgraph has started
2024-10-29 09:34:05,239 btp INFO Processing faculty: uu faculty: information & technology services|organization_name
2024-10-29 09:34:05,874 btp INFO total research output selected in ricgraph:  3
2024-10-29 09:34:05,875 btp INFO research output selected in ricgraph, not in pure:  0
2024-10-29 09:34:05,875 btp INFO start fetching open alex
2024-10-29 09:34:05,875 btp INFO end fetching open alex
2024-10-29 09:34:05,875 btp INFO Script to update researchoutput in pure from ricgraph has ended
2024-10-29 09:35:20,644 btp INFO Script to update researchoutput in pure from ricgraph has started
2024-10-29 09:35:20,757 btp INFO Processing faculty: uu faculty: information & technology services|organization_name
2024-10-29 09:35:21,403 btp INFO total research output selected in ricgraph:  3
2024-10-29 09:35:21,403 btp INFO research output selected in ricgraph, not in pure:  0
2024-10-29 09:35:21,403 btp INFO Script to update researchoutput in pure from ricgraph has ended
2024-10-29 09:35:31,821 btp INFO Script to update researchoutput in pure from ricgraph has started
2024-10-29 09:35:31,896 btp INFO Processing faculty: uu faculty: faculteit rebo|organization_name
2024-10-29 09:37:27,605 btp INFO total research output selected in ricgraph:  320
2024-10-29 09:37:27,605 btp INFO research output selected in ricgraph, not in pure:  53
2024-10-29 09:37:27,606 btp INFO start fetching open alex
2024-10-29 09:37:29,282 btp INFO end fetching open alex
2024-10-29 09:38:06,100 btp INFO Script to update researchoutput in pure from ricgraph has started
2024-10-29 09:38:06,174 btp INFO Processing faculty: uu faculty: faculteit rebo|organization_name
2024-10-29 09:39:50,646 btp INFO total research output selected in ricgraph:  320
2024-10-29 09:39:50,646 btp INFO research output selected in ricgraph, not in pure:  53
2024-10-29 09:39:50,646 btp INFO start fetching open alex
2024-10-29 09:39:51,391 btp INFO end fetching open alex
2024-10-29 09:40:08,322 root INFO Processing Ilias Chalkidis
2024-10-29 09:40:08,322 root INFO No associations found for Ilias Chalkidis
2024-10-29 09:40:08,322 root INFO Processing Nicolas Garneau
2024-10-29 09:40:08,322 root INFO No associations found for Nicolas Garneau
2024-10-29 09:40:08,322 root INFO Processing Catalina Goanta
2024-10-29 09:40:08,322 root INFO Processing Daniel Katz
2024-10-29 09:40:08,322 root INFO No associations found for Daniel Katz
2024-10-29 09:40:08,322 root INFO Processing Anders Søgaard
2024-10-29 09:40:08,322 root INFO No associations found for Anders Søgaard
2024-10-29 09:40:08,324 root INFO Processing Ilias Chalkidis
2024-10-29 09:40:08,324 root INFO Processing Nicolas Garneau
2024-10-29 09:40:08,324 root INFO Processing Catalina Goanta
2024-10-29 09:40:08,324 root INFO Managing organization for Catalina Goanta: 5b8bbb19-5874-4747-993a-a44d32a11f0a
2024-10-29 09:40:08,325 root INFO Found associations for Catalina Goanta: ['5b8bbb19-5874-4747-993a-a44d32a11f0a', '919f31cf-6650-4ef0-bfdb-d28ad3486cbc']
2024-10-29 09:40:08,325 root INFO Processing Daniel Katz
2024-10-29 09:40:08,325 root INFO Processing Anders Søgaard
2024-10-29 09:40:08,327 root ERROR No ISSN for LeXFiles and LegalLAMA: Facilitating English Multinational Legal Language Model Development
2024-10-29 09:40:15,781 root INFO Processing Bram B. Duivenvoorde
2024-10-29 09:40:15,781 root INFO Processing Catalina Goanta
2024-10-29 09:40:15,782 root INFO Processing Bram B. Duivenvoorde
2024-10-29 09:40:15,783 root INFO Managing organization for Bram B. Duivenvoorde: fc26d3b1-7374-4bbc-8676-c1bab70c0090
2024-10-29 09:40:15,783 root INFO Found associations for Bram B. Duivenvoorde: ['fc26d3b1-7374-4bbc-8676-c1bab70c0090', '919f31cf-6650-4ef0-bfdb-d28ad3486cbc', '15d03bf5-6de5-47a3-91ca-7a2bd63be966']
2024-10-29 09:40:15,783 root INFO Processing Catalina Goanta
2024-10-29 09:40:15,783 root INFO Found associations for Catalina Goanta: ['5b8bbb19-5874-4747-993a-a44d32a11f0a', '919f31cf-6650-4ef0-bfdb-d28ad3486cbc']
2024-10-29 09:40:19,364 root INFO Processing Erik Stam
2024-10-29 09:40:19,364 root INFO Processing Jan Jacob Vogelaar
2024-10-29 09:40:19,365 root INFO Processing Erik Stam
2024-10-29 09:40:19,366 root INFO Managing organization for Erik Stam: d2afbf09-10da-4d56-9d83-ffb4a05f603b
2024-10-29 09:40:19,366 root INFO Found associations for Erik Stam: ['d2afbf09-10da-4d56-9d83-ffb4a05f603b', '6e85b09c-77ad-420a-98a0-ed684254abe9']
2024-10-29 09:40:19,366 root INFO Processing Jan Jacob Vogelaar
2024-10-29 09:40:19,366 root INFO Found associations for Jan Jacob Vogelaar: ['d2afbf09-10da-4d56-9d83-ffb4a05f603b']
2024-10-29 09:40:24,287 root INFO Processing Maria Minniti
2024-10-29 09:40:24,287 root INFO No associations found for Maria Minniti
2024-10-29 09:40:24,287 root INFO Processing Wim Naudé
2024-10-29 09:40:24,287 root INFO No associations found for Wim Naudé
2024-10-29 09:40:24,287 root INFO Processing Erik Stam
2024-10-29 09:40:24,289 root INFO Processing Maria Minniti
2024-10-29 09:40:24,289 root INFO Processing Wim Naudé
2024-10-29 09:40:24,289 root INFO Processing Erik Stam
2024-10-29 09:40:24,289 root INFO Managing organization for Erik Stam: d2afbf09-10da-4d56-9d83-ffb4a05f603b
2024-10-29 09:40:24,289 root INFO Found associations for Erik Stam: ['d2afbf09-10da-4d56-9d83-ffb4a05f603b', '6e85b09c-77ad-420a-98a0-ed684254abe9']
2024-10-29 09:40:25,640 root INFO Processing Erik Stam
2024-10-29 09:40:25,642 root INFO Processing Erik Stam
2024-10-29 09:40:25,642 root INFO Managing organization for Erik Stam: d2afbf09-10da-4d56-9d83-ffb4a05f603b
2024-10-29 09:40:25,642 root INFO Found associations for Erik Stam: ['d2afbf09-10da-4d56-9d83-ffb4a05f603b', '6e85b09c-77ad-420a-98a0-ed684254abe9']
2024-10-29 09:40:33,276 root INFO Person found with https://ror.org/016xsfp80
2024-10-29 09:40:34,116 root INFO Person found with ORCID: 0000-0002-0094-8841
2024-10-29 09:40:34,416 root INFO Person found with OpenAlex: A5053417665
2024-10-29 09:40:35,235 root INFO Person found with https://ror.org/04b8v1s79
2024-10-29 09:40:35,746 root INFO Processing Yilong Xu
2024-10-29 09:40:35,746 root INFO Processing Maarten A.S. Boksem
2024-10-29 09:40:35,746 root INFO No associations found for Maarten A.S. Boksem
2024-10-29 09:40:35,746 root INFO Processing Charles Noussair
2024-10-29 09:40:35,746 root INFO No associations found for Charles Noussair
2024-10-29 09:40:35,746 root INFO Processing Stefan T. Trautmann
2024-10-29 09:40:35,747 root INFO No associations found for Stefan T. Trautmann
2024-10-29 09:40:35,747 root INFO Processing Gijs van de Kuilen
2024-10-29 09:40:35,747 root INFO No associations found for Gijs van de Kuilen
2024-10-29 09:40:35,747 root INFO Processing Alan G. Sanfey
2024-10-29 09:40:35,747 root INFO No associations found for Alan G. Sanfey
2024-10-29 09:40:35,748 root INFO Processing Yilong Xu
2024-10-29 09:40:35,748 root INFO Managing organization for Yilong Xu: 0768435e-41ca-4121-a6d5-2bf2ce611d29
2024-10-29 09:40:35,748 root INFO Found associations for Yilong Xu: ['0768435e-41ca-4121-a6d5-2bf2ce611d29', '6e85b09c-77ad-420a-98a0-ed684254abe9']
2024-10-29 09:40:35,748 root INFO Processing Maarten A.S. Boksem
2024-10-29 09:40:35,748 root INFO Processing Charles Noussair
2024-10-29 09:40:35,748 root INFO Processing Stefan T. Trautmann
2024-10-29 09:40:35,748 root INFO Processing Gijs van de Kuilen
2024-10-29 09:40:35,748 root INFO Processing Alan G. Sanfey
2024-10-29 09:40:41,823 root INFO Processing Catalina Goanta
2024-10-29 09:40:41,823 root INFO Processing Νικόλαος Αλέτρας
2024-10-29 09:40:41,823 root INFO No associations found for Νικόλαος Αλέτρας
2024-10-29 09:40:41,823 root INFO Processing Ilias Chalkidis
2024-10-29 09:40:41,823 root INFO No associations found for Ilias Chalkidis
2024-10-29 09:40:41,823 root INFO Processing Sofia Ranchordás
2024-10-29 09:40:41,823 root INFO No associations found for Sofia Ranchordás
2024-10-29 09:40:41,823 root INFO Processing Gerasimos Spanakis
2024-10-29 09:40:41,824 root INFO No associations found for Gerasimos Spanakis
2024-10-29 09:40:41,825 root INFO Processing Catalina Goanta
2024-10-29 09:40:41,825 root INFO Managing organization for Catalina Goanta: 5b8bbb19-5874-4747-993a-a44d32a11f0a
2024-10-29 09:40:41,825 root INFO Found associations for Catalina Goanta: ['5b8bbb19-5874-4747-993a-a44d32a11f0a', '919f31cf-6650-4ef0-bfdb-d28ad3486cbc']
2024-10-29 09:40:41,825 root INFO Processing Νικόλαος Αλέτρας
2024-10-29 09:40:41,825 root INFO Processing Ilias Chalkidis
2024-10-29 09:40:41,825 root INFO Processing Sofia Ranchordás
2024-10-29 09:40:41,825 root INFO Processing Gerasimos Spanakis
2024-10-29 09:40:41,828 root ERROR No ISSN for Regulation and NLP (RegNLP): Taming Large Language Models
2024-10-29 09:40:45,373 root INFO Person found with https://ror.org/057w15z03
2024-10-29 09:40:45,987 root INFO Person found with https://ror.org/057w15z03
2024-10-29 09:40:45,988 root INFO Processing Mirko H. Benischke
2024-10-29 09:40:45,988 root INFO No associations found for Mirko H. Benischke
2024-10-29 09:40:45,988 root INFO Processing Ajay Bhaskarabhatla
2024-10-29 09:40:45,988 root INFO No associations found for Ajay Bhaskarabhatla
2024-10-29 09:40:45,988 root INFO Processing Rajani Singh
2024-10-29 09:40:45,989 root INFO Processing Mirko H. Benischke
2024-10-29 09:40:45,990 root INFO Processing Ajay Bhaskarabhatla
2024-10-29 09:40:45,990 root INFO Processing Rajani Singh
2024-10-29 09:40:45,990 root INFO Managing organization for Rajani Singh: d2afbf09-10da-4d56-9d83-ffb4a05f603b
2024-10-29 09:40:45,990 root INFO Found associations for Rajani Singh: ['d2afbf09-10da-4d56-9d83-ffb4a05f603b', '6e85b09c-77ad-420a-98a0-ed684254abe9']
2024-10-29 09:40:48,036 root INFO Processing Charlotte Mol
2024-10-29 09:40:48,036 root INFO Processing Catalina Goanta
2024-10-29 09:40:48,038 root INFO Processing Charlotte Mol
2024-10-29 09:40:48,038 root INFO Managing organization for Charlotte Mol: b6bd40a4-f4df-4457-a616-e9ced5286376
2024-10-29 09:40:48,038 root INFO Found associations for Charlotte Mol: ['b6bd40a4-f4df-4457-a616-e9ced5286376', 'a667c20f-bb6d-471e-be99-ce0157d5a34b']
2024-10-29 09:40:48,038 root INFO Processing Catalina Goanta
2024-10-29 09:40:48,038 root INFO Found associations for Catalina Goanta: ['5b8bbb19-5874-4747-993a-a44d32a11f0a', '919f31cf-6650-4ef0-bfdb-d28ad3486cbc']
2024-10-29 09:40:50,134 root INFO Processing Catalina Goanta
2024-10-29 09:40:50,135 root INFO Processing Catalina Goanta
2024-10-29 09:40:50,135 root INFO Managing organization for Catalina Goanta: 5b8bbb19-5874-4747-993a-a44d32a11f0a
2024-10-29 09:40:50,135 root INFO Found associations for Catalina Goanta: ['5b8bbb19-5874-4747-993a-a44d32a11f0a', '919f31cf-6650-4ef0-bfdb-d28ad3486cbc']
2024-10-29 09:40:51,927 root INFO Processing Ruben Nicolas
2024-10-29 09:40:51,928 root INFO Processing Vítězslav Titl
2024-10-29 09:40:51,928 root INFO Processing Fredo Schotanus
2024-10-29 09:40:51,929 root INFO Processing Ruben Nicolas
2024-10-29 09:40:51,929 root INFO Managing organization for Ruben Nicolas: 2b6b638f-2cd2-48b6-bb10-33f2498926cd
2024-10-29 09:40:51,929 root INFO Found associations for Ruben Nicolas: ['2b6b638f-2cd2-48b6-bb10-33f2498926cd', '6e85b09c-77ad-420a-98a0-ed684254abe9']
2024-10-29 09:40:51,929 root INFO Processing Vítězslav Titl
2024-10-29 09:40:51,929 root INFO Found associations for Vítězslav Titl: ['75b7143d-552d-4147-832d-8a28ebaabaae', '6e85b09c-77ad-420a-98a0-ed684254abe9']
2024-10-29 09:40:51,930 root INFO Processing Fredo Schotanus
2024-10-29 09:40:51,930 root INFO Found associations for Fredo Schotanus: ['2b6b638f-2cd2-48b6-bb10-33f2498926cd', '6e85b09c-77ad-420a-98a0-ed684254abe9']
2024-10-29 09:40:52,642 root INFO Processing Marcel Boumans
2024-10-29 09:40:52,643 root INFO Processing Marcel Boumans
2024-10-29 09:40:52,643 root INFO Managing organization for Marcel Boumans: 7a930747-7aeb-48d6-9f5a-22263ddcd04e
2024-10-29 09:40:52,643 root INFO Found associations for Marcel Boumans: ['7a930747-7aeb-48d6-9f5a-22263ddcd04e', '6e85b09c-77ad-420a-98a0-ed684254abe9']
2024-10-29 09:40:53,669 root INFO Processing Małgorzata Kozak
2024-10-29 09:40:53,670 root INFO Processing Małgorzata Kozak
2024-10-29 09:40:53,670 root INFO Managing organization for Małgorzata Kozak: c64d4b36-8bfe-4b92-8d18-153934b54cbf
2024-10-29 09:40:53,670 root INFO Found associations for Małgorzata Kozak: ['c64d4b36-8bfe-4b92-8d18-153934b54cbf', '919f31cf-6650-4ef0-bfdb-d28ad3486cbc']
2024-10-29 09:40:54,897 root INFO Processing Małgorzata Kozak
2024-10-29 09:40:54,899 root INFO Processing Małgorzata Kozak
2024-10-29 09:40:54,899 root INFO Managing organization for Małgorzata Kozak: c64d4b36-8bfe-4b92-8d18-153934b54cbf
2024-10-29 09:40:54,899 root INFO Found associations for Małgorzata Kozak: ['c64d4b36-8bfe-4b92-8d18-153934b54cbf', '919f31cf-6650-4ef0-bfdb-d28ad3486cbc']
2024-10-29 09:40:55,716 root INFO Processing Thomas Verellen
2024-10-29 09:40:55,718 root INFO Processing Thomas Verellen
2024-10-29 09:40:55,718 root INFO Managing organization for Thomas Verellen: 5a479a12-3016-4d83-8313-393fdf362c3c
2024-10-29 09:40:55,718 root INFO Found associations for Thomas Verellen: ['5a479a12-3016-4d83-8313-393fdf362c3c', '919f31cf-6650-4ef0-bfdb-d28ad3486cbc']
2024-10-29 09:40:56,943 root INFO Processing Małgorzata Kozak
2024-10-29 09:40:56,944 root INFO Processing Małgorzata Kozak
2024-10-29 09:40:56,944 root INFO Managing organization for Małgorzata Kozak: c64d4b36-8bfe-4b92-8d18-153934b54cbf
2024-10-29 09:40:56,944 root INFO Found associations for Małgorzata Kozak: ['c64d4b36-8bfe-4b92-8d18-153934b54cbf', '919f31cf-6650-4ef0-bfdb-d28ad3486cbc']
2024-10-29 09:40:59,710 root INFO Processing Ulla Neergaard
2024-10-29 09:40:59,710 root INFO No associations found for Ulla Neergaard
2024-10-29 09:40:59,710 root INFO Processing Sybe A. de Vries
2024-10-29 09:40:59,711 root INFO Processing Ulla Neergaard
2024-10-29 09:40:59,711 root INFO Processing Sybe A. de Vries
2024-10-29 09:40:59,711 root INFO Managing organization for Sybe A. de Vries: 5a479a12-3016-4d83-8313-393fdf362c3c
2024-10-29 09:40:59,711 root INFO Found associations for Sybe A. de Vries: ['5a479a12-3016-4d83-8313-393fdf362c3c', '919f31cf-6650-4ef0-bfdb-d28ad3486cbc']
2024-10-29 09:41:02,577 root INFO Person found with https://ror.org/04pp8hn57
2024-10-29 09:41:02,578 root INFO Processing Jasper P. Sluijs
2024-10-29 09:41:02,578 root INFO Processing Herman-Kasper Gilissen
2024-10-29 09:41:02,578 root INFO No associations found for Herman-Kasper Gilissen
2024-10-29 09:41:02,578 root INFO Processing Karin C.J. Van Look
2024-10-29 09:41:02,579 root INFO Processing Jasper P. Sluijs
2024-10-29 09:41:02,580 root INFO Managing organization for Jasper P. Sluijs: 262bb7c5-96e0-491b-9ba3-2e4ceefa5384
2024-10-29 09:41:02,580 root INFO Found associations for Jasper P. Sluijs: ['262bb7c5-96e0-491b-9ba3-2e4ceefa5384', '919f31cf-6650-4ef0-bfdb-d28ad3486cbc', 'f587dbce-288c-4ae3-9dde-2dd2dd1763ec']
2024-10-29 09:41:02,580 root INFO Processing Herman-Kasper Gilissen
2024-10-29 09:41:02,580 root INFO Processing Karin C.J. Van Look
2024-10-29 09:41:02,580 root INFO Found associations for Karin C.J. Van Look: ['278d173c-880b-4edb-a1d2-a9e4522c61ae']
2024-10-29 09:41:07,083 root INFO Person found with https://ror.org/04pp8hn57
2024-10-29 09:41:07,084 root INFO Processing M. Hagedoorn
2024-10-29 09:41:07,084 root INFO No associations found for M. Hagedoorn
2024-10-29 09:41:07,084 root INFO Processing Maaike Koopman
2024-10-29 09:41:07,084 root INFO No associations found for Maaike Koopman
2024-10-29 09:41:07,084 root INFO Processing Machiel Bouwmans
2024-10-29 09:41:07,084 root INFO Processing Elly de Bruijn
2024-10-29 09:41:07,085 root INFO Processing M. Hagedoorn
2024-10-29 09:41:07,086 root INFO Processing Maaike Koopman
2024-10-29 09:41:07,086 root INFO Processing Machiel Bouwmans
2024-10-29 09:41:07,086 root INFO Found associations for Machiel Bouwmans: []
2024-10-29 09:41:07,086 root INFO Processing Elly de Bruijn
2024-10-29 09:41:07,086 root INFO Found associations for Elly de Bruijn: []
2024-10-29 09:41:08,107 root INFO Processing J.A.E. Vervaele
2024-10-29 09:41:08,108 root INFO Processing J.A.E. Vervaele
2024-10-29 09:41:08,108 root INFO Managing organization for J.A.E. Vervaele: eb009c81-511a-4793-ba14-73fec8e73995
2024-10-29 09:41:08,108 root INFO Found associations for J.A.E. Vervaele: ['eb009c81-511a-4793-ba14-73fec8e73995']
2024-10-29 09:41:10,301 root INFO Processing Tibor Neugebauer
2024-10-29 09:41:10,301 root INFO No associations found for Tibor Neugebauer
2024-10-29 09:41:10,301 root INFO Processing Yilong Xu
2024-10-29 09:41:10,303 root INFO Processing Tibor Neugebauer
2024-10-29 09:41:10,303 root INFO Processing Yilong Xu
2024-10-29 09:41:10,303 root INFO Managing organization for Yilong Xu: 0768435e-41ca-4121-a6d5-2bf2ce611d29
2024-10-29 09:41:10,303 root INFO Found associations for Yilong Xu: ['0768435e-41ca-4121-a6d5-2bf2ce611d29', '6e85b09c-77ad-420a-98a0-ed684254abe9']
2024-10-29 09:41:11,384 root INFO Processing Fredo Schotanus
2024-10-29 09:41:11,384 root INFO Processing Ruben Nicolas
2024-10-29 09:41:11,385 root INFO Processing Fredo Schotanus
2024-10-29 09:41:11,385 root INFO Managing organization for Fredo Schotanus: 2b6b638f-2cd2-48b6-bb10-33f2498926cd
2024-10-29 09:41:11,385 root INFO Found associations for Fredo Schotanus: ['2b6b638f-2cd2-48b6-bb10-33f2498926cd', '6e85b09c-77ad-420a-98a0-ed684254abe9']
2024-10-29 09:41:11,385 root INFO Processing Ruben Nicolas
2024-10-29 09:41:11,386 root INFO Found associations for Ruben Nicolas: ['2b6b638f-2cd2-48b6-bb10-33f2498926cd', '6e85b09c-77ad-420a-98a0-ed684254abe9']
2024-10-29 09:41:14,456 root INFO Processing Rosanna Nagtegaal
2024-10-29 09:41:14,456 root INFO Processing N.C. de Boer
2024-10-29 09:41:14,456 root INFO Processing Lars Tummers
2024-10-29 09:41:14,458 root INFO Processing Rosanna Nagtegaal
2024-10-29 09:41:14,458 root INFO Managing organization for Rosanna Nagtegaal: 6b33bd63-eaf5-49f8-ae5b-9f7c5af6d5f2
2024-10-29 09:41:14,458 root INFO Found associations for Rosanna Nagtegaal: ['6b33bd63-eaf5-49f8-ae5b-9f7c5af6d5f2', '9c2e9888-4c1e-40c1-a020-099b1fde0080']
2024-10-29 09:41:14,458 root INFO Processing N.C. de Boer
2024-10-29 09:41:14,458 root INFO Found associations for N.C. de Boer: ['6b33bd63-eaf5-49f8-ae5b-9f7c5af6d5f2', '9c2e9888-4c1e-40c1-a020-099b1fde0080']
2024-10-29 09:41:14,458 root INFO Processing Lars Tummers
2024-10-29 09:41:14,458 root INFO Found associations for Lars Tummers: ['6b33bd63-eaf5-49f8-ae5b-9f7c5af6d5f2', '9c2e9888-4c1e-40c1-a020-099b1fde0080']
2024-10-29 09:41:21,703 root INFO Processing Danae Sánchez Villegas
2024-10-29 09:41:21,703 root INFO No associations found for Danae Sánchez Villegas
2024-10-29 09:41:21,703 root INFO Processing Catalina Goanta
2024-10-29 09:41:21,703 root INFO Processing Νικόλαος Αλέτρας
2024-10-29 09:41:21,703 root INFO No associations found for Νικόλαος Αλέτρας
2024-10-29 09:41:21,704 root INFO Processing Danae Sánchez Villegas
2024-10-29 09:41:21,705 root INFO Processing Catalina Goanta
2024-10-29 09:41:21,705 root INFO Managing organization for Catalina Goanta: 5b8bbb19-5874-4747-993a-a44d32a11f0a
2024-10-29 09:41:21,705 root INFO Found associations for Catalina Goanta: ['5b8bbb19-5874-4747-993a-a44d32a11f0a', '919f31cf-6650-4ef0-bfdb-d28ad3486cbc']
2024-10-29 09:41:21,705 root INFO Processing Νικόλαος Αλέτρας
2024-10-29 09:41:21,707 root ERROR No ISSN for A Multimodal Analysis of Influencer Content on Twitter
2024-10-29 09:41:30,224 root WARNING Multiple or no orgs found for https://ror.org/008xxew50
2024-10-29 09:41:30,941 root INFO Person found with https://ror.org/057w15z03
2024-10-29 09:41:30,942 root INFO Processing Tanja Artiga González
2024-10-29 09:41:30,942 root INFO No associations found for Tanja Artiga González
2024-10-29 09:41:30,942 root INFO Processing Georg D. Granic
2024-10-29 09:41:30,942 root INFO No associations found for Georg D. Granic
2024-10-29 09:41:30,942 root INFO Processing Franziska Heinicke
2024-10-29 09:41:30,942 root INFO Processing Stephanie Rosenkranz
2024-10-29 09:41:30,942 root INFO Processing Utz Weitzel
2024-10-29 09:41:30,944 root INFO Processing Tanja Artiga González
2024-10-29 09:41:30,944 root INFO Processing Georg D. Granic
2024-10-29 09:41:30,944 root INFO Processing Franziska Heinicke
2024-10-29 09:41:30,944 root INFO Found associations for Franziska Heinicke: []
2024-10-29 09:41:30,944 root INFO Processing Stephanie Rosenkranz
2024-10-29 09:41:30,944 root INFO Managing organization for Stephanie Rosenkranz: 75b7143d-552d-4147-832d-8a28ebaabaae
2024-10-29 09:41:30,944 root INFO Found associations for Stephanie Rosenkranz: ['75b7143d-552d-4147-832d-8a28ebaabaae', '6e85b09c-77ad-420a-98a0-ed684254abe9']
2024-10-29 09:41:30,944 root INFO Processing Utz Weitzel
2024-10-29 09:41:30,944 root INFO Found associations for Utz Weitzel: []
2024-10-29 09:41:36,266 root INFO Person found with https://ror.org/02c2kyt77
2024-10-29 09:41:36,880 root INFO Processing Piet Daas
2024-10-29 09:41:36,880 root INFO No associations found for Piet Daas
2024-10-29 09:41:36,880 root INFO Processing Wolter Hassink
2024-10-29 09:41:36,881 root INFO Processing Bart Klijs
2024-10-29 09:41:36,881 root INFO No associations found for Bart Klijs
2024-10-29 09:41:36,882 root INFO Processing Piet Daas
2024-10-29 09:41:36,882 root INFO Processing Wolter Hassink
2024-10-29 09:41:36,882 root INFO Managing organization for Wolter Hassink: d4d79f32-9826-4256-b321-155c380b13f1
2024-10-29 09:41:36,882 root INFO Found associations for Wolter Hassink: ['d4d79f32-9826-4256-b321-155c380b13f1', '331faa85-8f6f-431d-a34c-c8b5ee6afae8', '6e85b09c-77ad-420a-98a0-ed684254abe9']
2024-10-29 09:41:36,882 root INFO Processing Bart Klijs
2024-10-29 09:41:45,789 root INFO Person found with https://ror.org/0575yy874
2024-10-29 09:41:46,607 root INFO Person found with https://ror.org/0575yy874
2024-10-29 09:41:47,549 root INFO Person found with https://ror.org/0575yy874
2024-10-29 09:41:48,247 root INFO Person found with https://ror.org/0575yy874
2024-10-29 09:41:48,862 root INFO Person found with https://ror.org/0575yy874
2024-10-29 09:41:49,579 root INFO Person found with https://ror.org/0575yy874
2024-10-29 09:41:50,089 root INFO Person found with https://ror.org/0575yy874
2024-10-29 09:41:50,090 root INFO Processing Anna Zondag
2024-10-29 09:41:50,090 root INFO No associations found for Anna Zondag
2024-10-29 09:41:50,090 root INFO Processing Raoul Rozestraten
2024-10-29 09:41:50,090 root INFO No associations found for Raoul Rozestraten
2024-10-29 09:41:50,090 root INFO Processing Stephan Grimmelikhuijsen
2024-10-29 09:41:50,090 root INFO Processing Karin Jongsma
2024-10-29 09:41:50,090 root INFO No associations found for Karin Jongsma
2024-10-29 09:41:50,090 root INFO Processing Michiel L. Bots
2024-10-29 09:41:50,090 root INFO No associations found for Michiel L. Bots
2024-10-29 09:41:50,090 root INFO Processing Wouter W. van Solinge
2024-10-29 09:41:50,091 root INFO No associations found for Wouter W. van Solinge
2024-10-29 09:41:50,091 root INFO Processing Robin W.M. Vernooij
2024-10-29 09:41:50,091 root INFO No associations found for Robin W.M. Vernooij
2024-10-29 09:41:50,091 root INFO Processing Saskia Haitjema
2024-10-29 09:41:50,091 root INFO No associations found for Saskia Haitjema
2024-10-29 09:41:50,092 root INFO Processing Anna Zondag
2024-10-29 09:41:50,092 root INFO Processing Raoul Rozestraten
2024-10-29 09:41:50,092 root INFO Processing Stephan Grimmelikhuijsen
2024-10-29 09:41:50,092 root INFO Managing organization for Stephan Grimmelikhuijsen: cb486bb8-5d65-42df-bc29-e04a08b926cd
2024-10-29 09:41:50,092 root INFO Found associations for Stephan Grimmelikhuijsen: ['cb486bb8-5d65-42df-bc29-e04a08b926cd', '9c2e9888-4c1e-40c1-a020-099b1fde0080']
2024-10-29 09:41:50,093 root INFO Processing Karin Jongsma
2024-10-29 09:41:50,093 root INFO Processing Michiel L. Bots
2024-10-29 09:41:50,093 root INFO Processing Wouter W. van Solinge
2024-10-29 09:41:50,093 root INFO Processing Robin W.M. Vernooij
2024-10-29 09:41:50,093 root INFO Processing Saskia Haitjema
2024-10-29 09:41:52,958 root INFO Processing Timo Verlaat
2024-10-29 09:41:52,958 root INFO Processing Stephanie Rosenkranz
2024-10-29 09:41:52,958 root INFO Processing Loek Groot
2024-10-29 09:41:52,958 root INFO Processing Mark Sanders
2024-10-29 09:41:52,959 root INFO Processing Timo Verlaat
2024-10-29 09:41:52,960 root INFO Managing organization for Timo Verlaat: c6750865-d5a4-45d6-8f00-3e452963fd66
2024-10-29 09:41:52,960 root INFO Found associations for Timo Verlaat: ['c6750865-d5a4-45d6-8f00-3e452963fd66']
2024-10-29 09:41:52,960 root INFO Processing Stephanie Rosenkranz
2024-10-29 09:41:52,960 root INFO Found associations for Stephanie Rosenkranz: ['75b7143d-552d-4147-832d-8a28ebaabaae', '6e85b09c-77ad-420a-98a0-ed684254abe9']
2024-10-29 09:41:52,960 root INFO Processing Loek Groot
2024-10-29 09:41:52,960 root INFO Found associations for Loek Groot: ['4c5e4087-4b6c-4af8-8b27-7b6cb9e61fef', '6e85b09c-77ad-420a-98a0-ed684254abe9']
2024-10-29 09:41:52,960 root INFO Processing Mark Sanders
2024-10-29 09:41:52,960 root INFO Found associations for Mark Sanders: []
2024-10-29 09:41:57,463 root INFO Person found with ORCID: 0000-0002-5630-0745
2024-10-29 09:41:57,610 root INFO Person found with OpenAlex: A5042347796
2024-10-29 09:41:58,179 root INFO Person found with ORCID: 0000-0001-7484-4124
2024-10-29 09:41:58,496 root INFO Person found with OpenAlex: A5081522012
2024-10-29 09:41:58,777 root INFO Person found with ORCID: 0000-0003-3924-4937
2024-10-29 09:41:58,922 root INFO Person found with OpenAlex: A5012789953
2024-10-29 09:41:59,312 root INFO Person found with ORCID: 0000-0003-3753-2919
2024-10-29 09:41:59,511 root INFO Person found with OpenAlex: A5022920738
2024-10-29 09:41:59,613 root INFO Processing Stef Van Der Hoeven
2024-10-29 09:41:59,614 root INFO Processing Bram Constandt
2024-10-29 09:41:59,614 root INFO No associations found for Bram Constandt
2024-10-29 09:41:59,614 root INFO Processing Argyro Elisavet Manoli
2024-10-29 09:41:59,614 root INFO No associations found for Argyro Elisavet Manoli
2024-10-29 09:41:59,614 root INFO Processing Maarten van Bottenburg
2024-10-29 09:41:59,614 root INFO Processing Stefano Caneppele
2024-10-29 09:41:59,614 root INFO No associations found for Stefano Caneppele
2024-10-29 09:41:59,614 root INFO Processing Annick Willem
2024-10-29 09:41:59,614 root INFO No associations found for Annick Willem
2024-10-29 09:41:59,615 root INFO Processing Stef Van Der Hoeven
2024-10-29 09:41:59,615 root INFO Found associations for Stef Van Der Hoeven: []
2024-10-29 09:41:59,615 root INFO Processing Bram Constandt
2024-10-29 09:41:59,615 root INFO Processing Argyro Elisavet Manoli
2024-10-29 09:41:59,615 root INFO Processing Maarten van Bottenburg
2024-10-29 09:41:59,615 root INFO Managing organization for Maarten van Bottenburg: 8620cce3-0608-4b99-b700-9f2a9ad91211
2024-10-29 09:41:59,615 root INFO Found associations for Maarten van Bottenburg: ['8620cce3-0608-4b99-b700-9f2a9ad91211', '9c2e9888-4c1e-40c1-a020-099b1fde0080']
2024-10-29 09:41:59,615 root INFO Processing Stefano Caneppele
2024-10-29 09:41:59,615 root INFO Processing Annick Willem
2024-10-29 09:42:02,277 root INFO Processing Xing Li
2024-10-29 09:42:02,277 root INFO Processing Wanxiang Cai
2024-10-29 09:42:02,277 root INFO Processing Niels Bosma
2024-10-29 09:42:02,278 root INFO Processing Xing Li
2024-10-29 09:42:02,279 root INFO Managing organization for Xing Li: ce901f59-e4a3-4269-9976-ca7f534d193c
2024-10-29 09:42:02,279 root INFO Found associations for Xing Li: ['ce901f59-e4a3-4269-9976-ca7f534d193c']
2024-10-29 09:42:02,279 root INFO Processing Wanxiang Cai
2024-10-29 09:42:02,279 root INFO Found associations for Wanxiang Cai: []
2024-10-29 09:42:02,279 root INFO Processing Niels Bosma
2024-10-29 09:42:02,279 root INFO Found associations for Niels Bosma: ['ce901f59-e4a3-4269-9976-ca7f534d193c', '6e85b09c-77ad-420a-98a0-ed684254abe9']
2024-10-29 09:42:03,300 root INFO Processing Brianne McGonigle Leyh
2024-10-29 09:42:03,302 root INFO Processing Brianne McGonigle Leyh
2024-10-29 09:42:03,302 root INFO Managing organization for Brianne McGonigle Leyh: 501a2c5f-2b08-427b-a8d2-422c5d00c4dd
2024-10-29 09:42:03,302 root INFO Found associations for Brianne McGonigle Leyh: ['501a2c5f-2b08-427b-a8d2-422c5d00c4dd', '73704d1c-b898-46a0-8a18-9f712748835d']
2024-10-29 09:42:08,552 root INFO Person found with https://ror.org/0575yy874
2024-10-29 09:42:08,950 root INFO Person found with https://ror.org/04pp8hn57
2024-10-29 09:42:09,649 root INFO Person found with https://ror.org/0575yy874
2024-10-29 09:42:10,161 root INFO Person found with https://ror.org/0575yy874
2024-10-29 09:42:10,600 root INFO Person found with https://ror.org/0575yy874
2024-10-29 09:42:11,099 root INFO Person found with https://ror.org/0575yy874
2024-10-29 09:42:11,668 root INFO Person found with https://ror.org/0575yy874
2024-10-29 09:42:11,669 root INFO Processing Anna G M Zondag
2024-10-29 09:42:11,669 root INFO No associations found for Anna G M Zondag
2024-10-29 09:42:11,669 root INFO Processing Raoul Rozestraten
2024-10-29 09:42:11,669 root INFO No associations found for Raoul Rozestraten
2024-10-29 09:42:11,669 root INFO Processing Stephan Grimmelikhuijsen
2024-10-29 09:42:11,669 root INFO Processing Karin Jongsma
2024-10-29 09:42:11,669 root INFO No associations found for Karin Jongsma
2024-10-29 09:42:11,669 root INFO Processing Wouter W. van Solinge
2024-10-29 09:42:11,670 root INFO No associations found for Wouter W. van Solinge
2024-10-29 09:42:11,670 root INFO Processing Michiel L. Bots
2024-10-29 09:42:11,670 root INFO No associations found for Michiel L. Bots
2024-10-29 09:42:11,670 root INFO Processing Robin W.M. Vernooij
2024-10-29 09:42:11,670 root INFO No associations found for Robin W.M. Vernooij
2024-10-29 09:42:11,670 root INFO Processing Saskia Haitjema
2024-10-29 09:42:11,670 root INFO No associations found for Saskia Haitjema
2024-10-29 09:42:11,671 root INFO Processing Anna G M Zondag
2024-10-29 09:42:11,671 root INFO Processing Raoul Rozestraten
2024-10-29 09:42:11,671 root INFO Processing Stephan Grimmelikhuijsen
2024-10-29 09:42:11,671 root INFO Managing organization for Stephan Grimmelikhuijsen: cb486bb8-5d65-42df-bc29-e04a08b926cd
2024-10-29 09:42:11,672 root INFO Found associations for Stephan Grimmelikhuijsen: ['cb486bb8-5d65-42df-bc29-e04a08b926cd', '9c2e9888-4c1e-40c1-a020-099b1fde0080']
2024-10-29 09:42:11,672 root INFO Processing Karin Jongsma
2024-10-29 09:42:11,672 root INFO Processing Wouter W. van Solinge
2024-10-29 09:42:11,672 root INFO Processing Michiel L. Bots
2024-10-29 09:42:11,672 root INFO Processing Robin W.M. Vernooij
2024-10-29 09:42:11,672 root INFO Processing Saskia Haitjema
2024-10-29 09:42:12,106 root INFO 1: errors, see log for more info
2024-10-29 09:42:12,106 root INFO 29: successes
2024-10-29 09:42:12,106 root INFO 20: already in pure
2024-10-29 09:42:12,106 btp INFO Script to update researchoutput in pure from ricgraph has ended
2024-10-29 09:47:24,730 btp INFO Script to update researchoutput in pure from ricgraph has started
2024-10-29 09:47:24,827 btp INFO Processing faculty: uu faculty: faculteit rebo|organization_name
2024-10-29 09:49:07,542 btp INFO total research output selected in ricgraph:  320
2024-10-29 09:49:07,543 btp INFO research output selected in ricgraph, not in pure:  53
2024-10-29 09:49:07,543 btp INFO start fetching open alex
2024-10-29 09:49:08,370 btp INFO end fetching open alex
2024-10-29 09:49:18,058 btp INFO Processing Ilias Chalkidis
2024-10-29 09:49:18,058 btp INFO No associations found for Ilias Chalkidis
2024-10-29 09:49:18,058 btp INFO Processing Nicolas Garneau
2024-10-29 09:49:18,058 btp INFO No associations found for Nicolas Garneau
2024-10-29 09:49:18,058 btp INFO Processing Catalina Goanta
2024-10-29 09:49:18,059 btp INFO Processing Daniel Katz
2024-10-29 09:49:18,059 btp INFO No associations found for Daniel Katz
2024-10-29 09:49:18,059 btp INFO Processing Anders Søgaard
2024-10-29 09:49:18,059 btp INFO No associations found for Anders Søgaard
2024-10-29 09:49:18,060 btp INFO Managing organization for Catalina Goanta: 5b8bbb19-5874-4747-993a-a44d32a11f0a
2024-10-29 09:49:18,061 btp INFO Found associations for Catalina Goanta: ['5b8bbb19-5874-4747-993a-a44d32a11f0a', '919f31cf-6650-4ef0-bfdb-d28ad3486cbc']
2024-10-29 09:49:18,063 btp ERROR No ISSN for LeXFiles and LegalLAMA: Facilitating English Multinational Legal Language Model Development
2024-10-29 09:49:24,340 btp INFO Processing Bram B. Duivenvoorde
2024-10-29 09:49:24,340 btp INFO Processing Catalina Goanta
2024-10-29 09:49:24,342 btp INFO Managing organization for Bram B. Duivenvoorde: fc26d3b1-7374-4bbc-8676-c1bab70c0090
2024-10-29 09:49:24,342 btp INFO Found associations for Bram B. Duivenvoorde: ['fc26d3b1-7374-4bbc-8676-c1bab70c0090', '919f31cf-6650-4ef0-bfdb-d28ad3486cbc', '15d03bf5-6de5-47a3-91ca-7a2bd63be966']
2024-10-29 09:49:24,342 btp INFO Found associations for Catalina Goanta: ['5b8bbb19-5874-4747-993a-a44d32a11f0a', '919f31cf-6650-4ef0-bfdb-d28ad3486cbc']
2024-10-29 09:49:26,504 btp INFO Processing Erik Stam
2024-10-29 09:49:26,504 btp INFO Processing Jan Jacob Vogelaar
2024-10-29 09:49:26,505 btp INFO Managing organization for Erik Stam: d2afbf09-10da-4d56-9d83-ffb4a05f603b
2024-10-29 09:49:26,505 btp INFO Found associations for Erik Stam: ['d2afbf09-10da-4d56-9d83-ffb4a05f603b', '6e85b09c-77ad-420a-98a0-ed684254abe9']
2024-10-29 09:49:26,506 btp INFO Found associations for Jan Jacob Vogelaar: ['d2afbf09-10da-4d56-9d83-ffb4a05f603b']
2024-10-29 09:49:29,631 btp INFO Processing Maria Minniti
2024-10-29 09:49:29,631 btp INFO No associations found for Maria Minniti
2024-10-29 09:49:29,631 btp INFO Processing Wim Naudé
2024-10-29 09:49:29,632 btp INFO No associations found for Wim Naudé
2024-10-29 09:49:29,632 btp INFO Processing Erik Stam
2024-10-29 09:49:29,633 btp INFO Managing organization for Erik Stam: d2afbf09-10da-4d56-9d83-ffb4a05f603b
2024-10-29 09:49:29,633 btp INFO Found associations for Erik Stam: ['d2afbf09-10da-4d56-9d83-ffb4a05f603b', '6e85b09c-77ad-420a-98a0-ed684254abe9']
2024-10-29 09:49:30,792 btp INFO Processing Erik Stam
2024-10-29 09:49:30,793 btp INFO Managing organization for Erik Stam: d2afbf09-10da-4d56-9d83-ffb4a05f603b
2024-10-29 09:49:30,793 btp INFO Found associations for Erik Stam: ['d2afbf09-10da-4d56-9d83-ffb4a05f603b', '6e85b09c-77ad-420a-98a0-ed684254abe9']
2024-10-29 09:49:37,242 btp INFO Person found with https://ror.org/016xsfp80
2024-10-29 09:49:38,778 btp INFO Person found with https://ror.org/04b8v1s79
2024-10-29 09:49:39,157 btp INFO Processing Yilong Xu
2024-10-29 09:49:39,157 btp INFO Processing Maarten A.S. Boksem
2024-10-29 09:49:39,157 btp INFO No associations found for Maarten A.S. Boksem
2024-10-29 09:49:39,157 btp INFO Processing Charles Noussair
2024-10-29 09:49:39,157 btp INFO No associations found for Charles Noussair
2024-10-29 09:49:39,157 btp INFO Processing Stefan T. Trautmann
2024-10-29 09:49:39,157 btp INFO No associations found for Stefan T. Trautmann
2024-10-29 09:49:39,157 btp INFO Processing Gijs van de Kuilen
2024-10-29 09:49:39,157 btp INFO No associations found for Gijs van de Kuilen
2024-10-29 09:49:39,158 btp INFO Processing Alan G. Sanfey
2024-10-29 09:49:39,158 btp INFO No associations found for Alan G. Sanfey
2024-10-29 09:49:39,159 btp INFO Managing organization for Yilong Xu: 0768435e-41ca-4121-a6d5-2bf2ce611d29
2024-10-29 09:49:39,159 btp INFO Found associations for Yilong Xu: ['0768435e-41ca-4121-a6d5-2bf2ce611d29', '6e85b09c-77ad-420a-98a0-ed684254abe9']
2024-10-29 09:49:44,964 btp INFO Processing Catalina Goanta
2024-10-29 09:49:44,964 btp INFO Processing Νικόλαος Αλέτρας
2024-10-29 09:49:44,964 btp INFO No associations found for Νικόλαος Αλέτρας
2024-10-29 09:49:44,964 btp INFO Processing Ilias Chalkidis
2024-10-29 09:49:44,964 btp INFO No associations found for Ilias Chalkidis
2024-10-29 09:49:44,964 btp INFO Processing Sofia Ranchordás
2024-10-29 09:49:44,965 btp INFO No associations found for Sofia Ranchordás
2024-10-29 09:49:44,965 btp INFO Processing Gerasimos Spanakis
2024-10-29 09:49:44,965 btp INFO No associations found for Gerasimos Spanakis
2024-10-29 09:49:44,966 btp INFO Managing organization for Catalina Goanta: 5b8bbb19-5874-4747-993a-a44d32a11f0a
2024-10-29 09:49:44,966 btp INFO Found associations for Catalina Goanta: ['5b8bbb19-5874-4747-993a-a44d32a11f0a', '919f31cf-6650-4ef0-bfdb-d28ad3486cbc']
2024-10-29 09:49:44,969 btp ERROR No ISSN for Regulation and NLP (RegNLP): Taming Large Language Models
2024-10-29 09:49:48,301 btp INFO Person found with https://ror.org/057w15z03
2024-10-29 09:49:48,723 btp INFO Person found with https://ror.org/057w15z03
2024-10-29 09:49:48,724 btp INFO Processing Mirko H. Benischke
2024-10-29 09:49:48,724 btp INFO No associations found for Mirko H. Benischke
2024-10-29 09:49:48,724 btp INFO Processing Ajay Bhaskarabhatla
2024-10-29 09:49:48,724 btp INFO No associations found for Ajay Bhaskarabhatla
2024-10-29 09:49:48,724 btp INFO Processing Rajani Singh
2024-10-29 09:49:48,725 btp INFO Managing organization for Rajani Singh: d2afbf09-10da-4d56-9d83-ffb4a05f603b
2024-10-29 09:49:48,726 btp INFO Found associations for Rajani Singh: ['d2afbf09-10da-4d56-9d83-ffb4a05f603b', '6e85b09c-77ad-420a-98a0-ed684254abe9']
2024-10-29 09:49:50,657 btp INFO Processing Charlotte Mol
2024-10-29 09:49:50,657 btp INFO Processing Catalina Goanta
2024-10-29 09:49:50,659 btp INFO Managing organization for Charlotte Mol: b6bd40a4-f4df-4457-a616-e9ced5286376
2024-10-29 09:49:50,659 btp INFO Found associations for Charlotte Mol: ['b6bd40a4-f4df-4457-a616-e9ced5286376', 'a667c20f-bb6d-471e-be99-ce0157d5a34b']
2024-10-29 09:49:50,659 btp INFO Found associations for Catalina Goanta: ['5b8bbb19-5874-4747-993a-a44d32a11f0a', '919f31cf-6650-4ef0-bfdb-d28ad3486cbc']
2024-10-29 09:49:52,404 btp INFO Processing Catalina Goanta
2024-10-29 09:49:52,405 btp INFO Managing organization for Catalina Goanta: 5b8bbb19-5874-4747-993a-a44d32a11f0a
2024-10-29 09:49:52,406 btp INFO Found associations for Catalina Goanta: ['5b8bbb19-5874-4747-993a-a44d32a11f0a', '919f31cf-6650-4ef0-bfdb-d28ad3486cbc']
2024-10-29 09:49:53,933 btp INFO Processing Ruben Nicolas
2024-10-29 09:49:53,934 btp INFO Processing Vítězslav Titl
2024-10-29 09:49:53,934 btp INFO Processing Fredo Schotanus
2024-10-29 09:49:53,935 btp INFO Managing organization for Ruben Nicolas: 2b6b638f-2cd2-48b6-bb10-33f2498926cd
2024-10-29 09:49:53,935 btp INFO Found associations for Ruben Nicolas: ['2b6b638f-2cd2-48b6-bb10-33f2498926cd', '6e85b09c-77ad-420a-98a0-ed684254abe9']
2024-10-29 09:49:53,935 btp INFO Found associations for Vítězslav Titl: ['75b7143d-552d-4147-832d-8a28ebaabaae', '6e85b09c-77ad-420a-98a0-ed684254abe9']
2024-10-29 09:49:53,935 btp INFO Found associations for Fredo Schotanus: ['2b6b638f-2cd2-48b6-bb10-33f2498926cd', '6e85b09c-77ad-420a-98a0-ed684254abe9']
2024-10-29 09:49:54,547 btp INFO Processing Marcel Boumans
2024-10-29 09:49:54,547 btp INFO Managing organization for Marcel Boumans: 7a930747-7aeb-48d6-9f5a-22263ddcd04e
2024-10-29 09:49:54,551 btp INFO Found associations for Marcel Boumans: ['7a930747-7aeb-48d6-9f5a-22263ddcd04e', '6e85b09c-77ad-420a-98a0-ed684254abe9']
2024-10-29 09:49:55,470 btp INFO Processing Małgorzata Kozak
2024-10-29 09:49:55,472 btp INFO Managing organization for Małgorzata Kozak: c64d4b36-8bfe-4b92-8d18-153934b54cbf
2024-10-29 09:49:55,472 btp INFO Found associations for Małgorzata Kozak: ['c64d4b36-8bfe-4b92-8d18-153934b54cbf', '919f31cf-6650-4ef0-bfdb-d28ad3486cbc']
2024-10-29 09:49:56,392 btp INFO Processing Małgorzata Kozak
2024-10-29 09:49:56,393 btp INFO Managing organization for Małgorzata Kozak: c64d4b36-8bfe-4b92-8d18-153934b54cbf
2024-10-29 09:49:56,393 btp INFO Found associations for Małgorzata Kozak: ['c64d4b36-8bfe-4b92-8d18-153934b54cbf', '919f31cf-6650-4ef0-bfdb-d28ad3486cbc']
2024-10-29 09:49:57,005 btp INFO Processing Thomas Verellen
2024-10-29 09:49:57,007 btp INFO Managing organization for Thomas Verellen: 5a479a12-3016-4d83-8313-393fdf362c3c
2024-10-29 09:49:57,007 btp INFO Found associations for Thomas Verellen: ['5a479a12-3016-4d83-8313-393fdf362c3c', '919f31cf-6650-4ef0-bfdb-d28ad3486cbc']
2024-10-29 09:49:58,139 btp INFO Processing Małgorzata Kozak
2024-10-29 09:49:58,139 btp INFO Managing organization for Małgorzata Kozak: c64d4b36-8bfe-4b92-8d18-153934b54cbf
2024-10-29 09:49:58,139 btp INFO Found associations for Małgorzata Kozak: ['c64d4b36-8bfe-4b92-8d18-153934b54cbf', '919f31cf-6650-4ef0-bfdb-d28ad3486cbc']
2024-10-29 09:49:59,684 btp INFO Processing Ulla Neergaard
2024-10-29 09:49:59,684 btp INFO No associations found for Ulla Neergaard
2024-10-29 09:49:59,684 btp INFO Processing Sybe A. de Vries
2024-10-29 09:49:59,685 btp INFO Managing organization for Sybe A. de Vries: 5a479a12-3016-4d83-8313-393fdf362c3c
2024-10-29 09:49:59,686 btp INFO Found associations for Sybe A. de Vries: ['5a479a12-3016-4d83-8313-393fdf362c3c', '919f31cf-6650-4ef0-bfdb-d28ad3486cbc']
2024-10-29 09:50:01,825 btp INFO Person found with https://ror.org/04pp8hn57
2024-10-29 09:50:01,826 btp INFO Processing Jasper P. Sluijs
2024-10-29 09:50:01,826 btp INFO Processing Herman-Kasper Gilissen
2024-10-29 09:50:01,826 btp INFO No associations found for Herman-Kasper Gilissen
2024-10-29 09:50:01,826 btp INFO Processing Karin C.J. Van Look
2024-10-29 09:50:01,828 btp INFO Managing organization for Jasper P. Sluijs: 262bb7c5-96e0-491b-9ba3-2e4ceefa5384
2024-10-29 09:50:01,828 btp INFO Found associations for Jasper P. Sluijs: ['262bb7c5-96e0-491b-9ba3-2e4ceefa5384', '919f31cf-6650-4ef0-bfdb-d28ad3486cbc', 'f587dbce-288c-4ae3-9dde-2dd2dd1763ec']
2024-10-29 09:50:01,828 btp INFO Found associations for Karin C.J. Van Look: ['278d173c-880b-4edb-a1d2-a9e4522c61ae']
2024-10-29 09:50:06,120 btp INFO Person found with https://ror.org/04pp8hn57
2024-10-29 09:50:06,121 btp INFO Processing M. Hagedoorn
2024-10-29 09:50:06,121 btp INFO No associations found for M. Hagedoorn
2024-10-29 09:50:06,121 btp INFO Processing Maaike Koopman
2024-10-29 09:50:06,121 btp INFO No associations found for Maaike Koopman
2024-10-29 09:50:06,121 btp INFO Processing Machiel Bouwmans
2024-10-29 09:50:06,121 btp INFO Processing Elly de Bruijn
2024-10-29 09:50:06,122 btp INFO Found associations for Machiel Bouwmans: []
2024-10-29 09:50:06,123 btp INFO Found associations for Elly de Bruijn: []
2024-10-29 09:50:07,553 btp INFO Processing J.A.E. Vervaele
2024-10-29 09:50:07,554 btp INFO Managing organization for J.A.E. Vervaele: eb009c81-511a-4793-ba14-73fec8e73995
2024-10-29 09:50:07,555 btp INFO Found associations for J.A.E. Vervaele: ['eb009c81-511a-4793-ba14-73fec8e73995']
2024-10-29 09:50:09,408 btp INFO Processing Tibor Neugebauer
2024-10-29 09:50:09,408 btp INFO No associations found for Tibor Neugebauer
2024-10-29 09:50:09,408 btp INFO Processing Yilong Xu
2024-10-29 09:50:09,409 btp INFO Managing organization for Yilong Xu: 0768435e-41ca-4121-a6d5-2bf2ce611d29
2024-10-29 09:50:09,409 btp INFO Found associations for Yilong Xu: ['0768435e-41ca-4121-a6d5-2bf2ce611d29', '6e85b09c-77ad-420a-98a0-ed684254abe9']
2024-10-29 09:50:10,079 btp INFO Processing Fredo Schotanus
2024-10-29 09:50:10,079 btp INFO Processing Ruben Nicolas
2024-10-29 09:50:10,080 btp INFO Managing organization for Fredo Schotanus: 2b6b638f-2cd2-48b6-bb10-33f2498926cd
2024-10-29 09:50:10,080 btp INFO Found associations for Fredo Schotanus: ['2b6b638f-2cd2-48b6-bb10-33f2498926cd', '6e85b09c-77ad-420a-98a0-ed684254abe9']
2024-10-29 09:50:10,080 btp INFO Found associations for Ruben Nicolas: ['2b6b638f-2cd2-48b6-bb10-33f2498926cd', '6e85b09c-77ad-420a-98a0-ed684254abe9']
2024-10-29 09:50:11,546 btp INFO Processing Rosanna Nagtegaal
2024-10-29 09:50:11,547 btp INFO Processing N.C. de Boer
2024-10-29 09:50:11,547 btp INFO Processing Lars Tummers
2024-10-29 09:50:11,548 btp INFO Managing organization for Rosanna Nagtegaal: 6b33bd63-eaf5-49f8-ae5b-9f7c5af6d5f2
2024-10-29 09:50:11,548 btp INFO Found associations for Rosanna Nagtegaal: ['6b33bd63-eaf5-49f8-ae5b-9f7c5af6d5f2', '9c2e9888-4c1e-40c1-a020-099b1fde0080']
2024-10-29 09:50:11,548 btp INFO Found associations for N.C. de Boer: ['6b33bd63-eaf5-49f8-ae5b-9f7c5af6d5f2', '9c2e9888-4c1e-40c1-a020-099b1fde0080']
2024-10-29 09:50:11,548 btp INFO Found associations for Lars Tummers: ['6b33bd63-eaf5-49f8-ae5b-9f7c5af6d5f2', '9c2e9888-4c1e-40c1-a020-099b1fde0080']
2024-10-29 09:50:15,043 btp INFO Processing Danae Sánchez Villegas
2024-10-29 09:50:15,043 btp INFO No associations found for Danae Sánchez Villegas
2024-10-29 09:50:15,043 btp INFO Processing Catalina Goanta
2024-10-29 09:50:15,043 btp INFO Processing Νικόλαος Αλέτρας
2024-10-29 09:50:15,044 btp INFO No associations found for Νικόλαος Αλέτρας
2024-10-29 09:50:15,045 btp INFO Managing organization for Catalina Goanta: 5b8bbb19-5874-4747-993a-a44d32a11f0a
2024-10-29 09:50:15,045 btp INFO Found associations for Catalina Goanta: ['5b8bbb19-5874-4747-993a-a44d32a11f0a', '919f31cf-6650-4ef0-bfdb-d28ad3486cbc']
2024-10-29 09:50:15,047 btp ERROR No ISSN for A Multimodal Analysis of Influencer Content on Twitter
2024-10-29 09:50:19,431 btp WARNING Multiple or no orgs found for https://ror.org/008xxew50
2024-10-29 09:50:20,147 btp INFO Person found with https://ror.org/057w15z03
2024-10-29 09:50:20,147 btp INFO Processing Tanja Artiga González
2024-10-29 09:50:20,147 btp INFO No associations found for Tanja Artiga González
2024-10-29 09:50:20,147 btp INFO Processing Georg D. Granic
2024-10-29 09:50:20,147 btp INFO No associations found for Georg D. Granic
2024-10-29 09:50:20,147 btp INFO Processing Franziska Heinicke
2024-10-29 09:50:20,147 btp INFO Processing Stephanie Rosenkranz
2024-10-29 09:50:20,147 btp INFO Processing Utz Weitzel
2024-10-29 09:50:20,148 btp INFO Found associations for Franziska Heinicke: []
2024-10-29 09:50:20,148 btp INFO Managing organization for Stephanie Rosenkranz: 75b7143d-552d-4147-832d-8a28ebaabaae
2024-10-29 09:50:20,148 btp INFO Found associations for Stephanie Rosenkranz: ['75b7143d-552d-4147-832d-8a28ebaabaae', '6e85b09c-77ad-420a-98a0-ed684254abe9']
2024-10-29 09:50:20,148 btp INFO Found associations for Utz Weitzel: []
2024-10-29 09:50:22,707 btp INFO Person found with https://ror.org/02c2kyt77
2024-10-29 09:50:23,054 btp INFO Processing Piet Daas
2024-10-29 09:50:23,054 btp INFO No associations found for Piet Daas
2024-10-29 09:50:23,058 btp INFO Processing Wolter Hassink
2024-10-29 09:50:23,058 btp INFO Processing Bart Klijs
2024-10-29 09:50:23,058 btp INFO No associations found for Bart Klijs
2024-10-29 09:50:23,058 btp INFO Managing organization for Wolter Hassink: d4d79f32-9826-4256-b321-155c380b13f1
2024-10-29 09:50:23,058 btp INFO Found associations for Wolter Hassink: ['d4d79f32-9826-4256-b321-155c380b13f1', '331faa85-8f6f-431d-a34c-c8b5ee6afae8', '6e85b09c-77ad-420a-98a0-ed684254abe9']
2024-10-29 09:50:27,722 btp INFO Person found with https://ror.org/0575yy874
2024-10-29 09:50:28,197 btp INFO Person found with https://ror.org/0575yy874
2024-10-29 09:50:28,852 btp INFO Person found with https://ror.org/0575yy874
2024-10-29 09:50:29,300 btp INFO Person found with https://ror.org/0575yy874
2024-10-29 09:50:29,774 btp INFO Person found with https://ror.org/0575yy874
2024-10-29 09:50:30,286 btp INFO Person found with https://ror.org/0575yy874
2024-10-29 09:50:30,668 btp INFO Person found with https://ror.org/0575yy874
2024-10-29 09:50:30,668 btp INFO Processing Anna Zondag
2024-10-29 09:50:30,668 btp INFO No associations found for Anna Zondag
2024-10-29 09:50:30,668 btp INFO Processing Raoul Rozestraten
2024-10-29 09:50:30,668 btp INFO No associations found for Raoul Rozestraten
2024-10-29 09:50:30,668 btp INFO Processing Stephan Grimmelikhuijsen
2024-10-29 09:50:30,669 btp INFO Processing Karin Jongsma
2024-10-29 09:50:30,669 btp INFO No associations found for Karin Jongsma
2024-10-29 09:50:30,669 btp INFO Processing Michiel L. Bots
2024-10-29 09:50:30,669 btp INFO No associations found for Michiel L. Bots
2024-10-29 09:50:30,669 btp INFO Processing Wouter W. van Solinge
2024-10-29 09:50:30,669 btp INFO No associations found for Wouter W. van Solinge
2024-10-29 09:50:30,669 btp INFO Processing Robin W.M. Vernooij
2024-10-29 09:50:30,669 btp INFO No associations found for Robin W.M. Vernooij
2024-10-29 09:50:30,669 btp INFO Processing Saskia Haitjema
2024-10-29 09:50:30,669 btp INFO No associations found for Saskia Haitjema
2024-10-29 09:50:30,670 btp INFO Managing organization for Stephan Grimmelikhuijsen: cb486bb8-5d65-42df-bc29-e04a08b926cd
2024-10-29 09:50:30,671 btp INFO Found associations for Stephan Grimmelikhuijsen: ['cb486bb8-5d65-42df-bc29-e04a08b926cd', '9c2e9888-4c1e-40c1-a020-099b1fde0080']
2024-10-29 09:50:32,539 btp INFO Processing Timo Verlaat
2024-10-29 09:50:32,539 btp INFO Processing Stephanie Rosenkranz
2024-10-29 09:50:32,539 btp INFO Processing Loek Groot
2024-10-29 09:50:32,539 btp INFO Processing Mark Sanders
2024-10-29 09:50:32,540 btp INFO Managing organization for Timo Verlaat: c6750865-d5a4-45d6-8f00-3e452963fd66
2024-10-29 09:50:32,540 btp INFO Found associations for Timo Verlaat: ['c6750865-d5a4-45d6-8f00-3e452963fd66']
2024-10-29 09:50:32,540 btp INFO Found associations for Stephanie Rosenkranz: ['75b7143d-552d-4147-832d-8a28ebaabaae', '6e85b09c-77ad-420a-98a0-ed684254abe9']
2024-10-29 09:50:32,541 btp INFO Found associations for Loek Groot: ['4c5e4087-4b6c-4af8-8b27-7b6cb9e61fef', '6e85b09c-77ad-420a-98a0-ed684254abe9']
2024-10-29 09:50:32,541 btp INFO Found associations for Mark Sanders: []
2024-10-29 09:50:37,147 btp INFO Processing Stef Van Der Hoeven
2024-10-29 09:50:37,148 btp INFO Processing Bram Constandt
2024-10-29 09:50:37,148 btp INFO No associations found for Bram Constandt
2024-10-29 09:50:37,148 btp INFO Processing Argyro Elisavet Manoli
2024-10-29 09:50:37,148 btp INFO No associations found for Argyro Elisavet Manoli
2024-10-29 09:50:37,148 btp INFO Processing Maarten van Bottenburg
2024-10-29 09:50:37,148 btp INFO Processing Stefano Caneppele
2024-10-29 09:50:37,148 btp INFO No associations found for Stefano Caneppele
2024-10-29 09:50:37,148 btp INFO Processing Annick Willem
2024-10-29 09:50:37,148 btp INFO No associations found for Annick Willem
2024-10-29 09:50:37,149 btp INFO Found associations for Stef Van Der Hoeven: []
2024-10-29 09:50:37,149 btp INFO Managing organization for Maarten van Bottenburg: 8620cce3-0608-4b99-b700-9f2a9ad91211
2024-10-29 09:50:37,150 btp INFO Found associations for Maarten van Bottenburg: ['8620cce3-0608-4b99-b700-9f2a9ad91211', '9c2e9888-4c1e-40c1-a020-099b1fde0080']
2024-10-29 09:50:38,888 btp INFO Processing Xing Li
2024-10-29 09:50:38,888 btp INFO Processing Wanxiang Cai
2024-10-29 09:50:38,888 btp INFO Processing Niels Bosma
2024-10-29 09:50:38,889 btp INFO Managing organization for Xing Li: ce901f59-e4a3-4269-9976-ca7f534d193c
2024-10-29 09:50:38,890 btp INFO Found associations for Xing Li: ['ce901f59-e4a3-4269-9976-ca7f534d193c']
2024-10-29 09:50:38,890 btp INFO Found associations for Wanxiang Cai: []
2024-10-29 09:50:38,890 btp INFO Found associations for Niels Bosma: ['ce901f59-e4a3-4269-9976-ca7f534d193c', '6e85b09c-77ad-420a-98a0-ed684254abe9']
2024-10-29 09:50:39,604 btp INFO Processing Brianne McGonigle Leyh
2024-10-29 09:50:39,606 btp INFO Managing organization for Brianne McGonigle Leyh: 501a2c5f-2b08-427b-a8d2-422c5d00c4dd
2024-10-29 09:50:39,606 btp INFO Found associations for Brianne McGonigle Leyh: ['501a2c5f-2b08-427b-a8d2-422c5d00c4dd', '73704d1c-b898-46a0-8a18-9f712748835d']
2024-10-29 09:50:43,393 btp INFO Person found with https://ror.org/0575yy874
2024-10-29 09:51:23,673 btp INFO Script to update researchoutput in pure from ricgraph has started
2024-10-29 09:51:23,745 btp INFO Processing faculty: uu faculty: faculteit rebo|organization_name
2024-10-29 09:53:19,919 btp INFO total research output selected in ricgraph:  320
2024-10-29 09:53:19,919 btp INFO research output selected in ricgraph, not in pure:  53
2024-10-29 09:53:19,919 btp INFO start fetching open alex
2024-10-29 09:53:25,790 btp INFO end fetching open alex
2024-10-29 09:53:32,418 btp INFO Managing organization for Catalina Goanta: 5b8bbb19-5874-4747-993a-a44d32a11f0a
2024-10-29 09:53:32,418 btp INFO Found associations for Catalina Goanta: ['5b8bbb19-5874-4747-993a-a44d32a11f0a', '919f31cf-6650-4ef0-bfdb-d28ad3486cbc']
2024-10-29 09:53:32,421 btp ERROR No ISSN for LeXFiles and LegalLAMA: Facilitating English Multinational Legal Language Model Development
2024-10-29 09:53:38,299 btp INFO Managing organization for Bram B. Duivenvoorde: fc26d3b1-7374-4bbc-8676-c1bab70c0090
2024-10-29 09:53:38,299 btp INFO Found associations for Bram B. Duivenvoorde: ['fc26d3b1-7374-4bbc-8676-c1bab70c0090', '919f31cf-6650-4ef0-bfdb-d28ad3486cbc', '15d03bf5-6de5-47a3-91ca-7a2bd63be966']
2024-10-29 09:53:38,300 btp INFO Found associations for Catalina Goanta: ['5b8bbb19-5874-4747-993a-a44d32a11f0a', '919f31cf-6650-4ef0-bfdb-d28ad3486cbc']
2024-10-29 09:53:40,142 btp INFO Managing organization for Erik Stam: d2afbf09-10da-4d56-9d83-ffb4a05f603b
2024-10-29 09:53:40,142 btp INFO Found associations for Erik Stam: ['d2afbf09-10da-4d56-9d83-ffb4a05f603b', '6e85b09c-77ad-420a-98a0-ed684254abe9']
2024-10-29 09:53:40,142 btp INFO Found associations for Jan Jacob Vogelaar: ['d2afbf09-10da-4d56-9d83-ffb4a05f603b']
2024-10-29 09:53:43,123 btp INFO Managing organization for Erik Stam: d2afbf09-10da-4d56-9d83-ffb4a05f603b
2024-10-29 09:53:43,124 btp INFO Found associations for Erik Stam: ['d2afbf09-10da-4d56-9d83-ffb4a05f603b', '6e85b09c-77ad-420a-98a0-ed684254abe9']
2024-10-29 09:53:44,341 btp INFO Managing organization for Erik Stam: d2afbf09-10da-4d56-9d83-ffb4a05f603b
2024-10-29 09:53:44,341 btp INFO Found associations for Erik Stam: ['d2afbf09-10da-4d56-9d83-ffb4a05f603b', '6e85b09c-77ad-420a-98a0-ed684254abe9']
2024-10-29 09:53:50,278 btp INFO Person found with https://ror.org/016xsfp80
2024-10-29 09:53:52,939 btp INFO Person found with https://ror.org/04b8v1s79
2024-10-29 09:53:53,348 btp INFO Managing organization for Yilong Xu: 0768435e-41ca-4121-a6d5-2bf2ce611d29
2024-10-29 09:53:53,348 btp INFO Found associations for Yilong Xu: ['0768435e-41ca-4121-a6d5-2bf2ce611d29', '6e85b09c-77ad-420a-98a0-ed684254abe9']
2024-10-29 09:53:58,821 btp INFO Managing organization for Catalina Goanta: 5b8bbb19-5874-4747-993a-a44d32a11f0a
2024-10-29 09:53:58,822 btp INFO Found associations for Catalina Goanta: ['5b8bbb19-5874-4747-993a-a44d32a11f0a', '919f31cf-6650-4ef0-bfdb-d28ad3486cbc']
2024-10-29 09:53:58,824 btp ERROR No ISSN for Regulation and NLP (RegNLP): Taming Large Language Models
2024-10-29 09:54:01,440 btp INFO Person found with https://ror.org/057w15z03
2024-10-29 09:54:02,156 btp INFO Person found with https://ror.org/057w15z03
2024-10-29 09:54:02,158 btp INFO Managing organization for Rajani Singh: d2afbf09-10da-4d56-9d83-ffb4a05f603b
2024-10-29 09:54:02,158 btp INFO Found associations for Rajani Singh: ['d2afbf09-10da-4d56-9d83-ffb4a05f603b', '6e85b09c-77ad-420a-98a0-ed684254abe9']
2024-10-29 09:54:04,051 btp INFO Managing organization for Charlotte Mol: b6bd40a4-f4df-4457-a616-e9ced5286376
2024-10-29 09:54:04,051 btp INFO Found associations for Charlotte Mol: ['b6bd40a4-f4df-4457-a616-e9ced5286376', 'a667c20f-bb6d-471e-be99-ce0157d5a34b']
2024-10-29 09:54:04,051 btp INFO Found associations for Catalina Goanta: ['5b8bbb19-5874-4747-993a-a44d32a11f0a', '919f31cf-6650-4ef0-bfdb-d28ad3486cbc']
2024-10-29 09:54:05,637 btp INFO Managing organization for Catalina Goanta: 5b8bbb19-5874-4747-993a-a44d32a11f0a
2024-10-29 09:54:05,637 btp INFO Found associations for Catalina Goanta: ['5b8bbb19-5874-4747-993a-a44d32a11f0a', '919f31cf-6650-4ef0-bfdb-d28ad3486cbc']
2024-10-29 09:54:07,202 btp INFO Managing organization for Ruben Nicolas: 2b6b638f-2cd2-48b6-bb10-33f2498926cd
2024-10-29 09:54:07,202 btp INFO Found associations for Ruben Nicolas: ['2b6b638f-2cd2-48b6-bb10-33f2498926cd', '6e85b09c-77ad-420a-98a0-ed684254abe9']
2024-10-29 09:54:07,202 btp INFO Found associations for Vítězslav Titl: ['75b7143d-552d-4147-832d-8a28ebaabaae', '6e85b09c-77ad-420a-98a0-ed684254abe9']
2024-10-29 09:54:07,202 btp INFO Found associations for Fredo Schotanus: ['2b6b638f-2cd2-48b6-bb10-33f2498926cd', '6e85b09c-77ad-420a-98a0-ed684254abe9']
2024-10-29 09:54:07,790 btp INFO Managing organization for Marcel Boumans: 7a930747-7aeb-48d6-9f5a-22263ddcd04e
2024-10-29 09:54:07,790 btp INFO Found associations for Marcel Boumans: ['7a930747-7aeb-48d6-9f5a-22263ddcd04e', '6e85b09c-77ad-420a-98a0-ed684254abe9']
2024-10-29 09:54:08,638 btp INFO Managing organization for Małgorzata Kozak: c64d4b36-8bfe-4b92-8d18-153934b54cbf
2024-10-29 09:54:08,638 btp INFO Found associations for Małgorzata Kozak: ['c64d4b36-8bfe-4b92-8d18-153934b54cbf', '919f31cf-6650-4ef0-bfdb-d28ad3486cbc']
2024-10-29 09:54:09,846 btp INFO Managing organization for Małgorzata Kozak: c64d4b36-8bfe-4b92-8d18-153934b54cbf
2024-10-29 09:54:09,846 btp INFO Found associations for Małgorzata Kozak: ['c64d4b36-8bfe-4b92-8d18-153934b54cbf', '919f31cf-6650-4ef0-bfdb-d28ad3486cbc']
2024-10-29 09:54:10,555 btp INFO Managing organization for Thomas Verellen: 5a479a12-3016-4d83-8313-393fdf362c3c
2024-10-29 09:54:10,556 btp INFO Found associations for Thomas Verellen: ['5a479a12-3016-4d83-8313-393fdf362c3c', '919f31cf-6650-4ef0-bfdb-d28ad3486cbc']
2024-10-29 09:54:11,374 btp INFO Managing organization for Małgorzata Kozak: c64d4b36-8bfe-4b92-8d18-153934b54cbf
2024-10-29 09:54:11,374 btp INFO Found associations for Małgorzata Kozak: ['c64d4b36-8bfe-4b92-8d18-153934b54cbf', '919f31cf-6650-4ef0-bfdb-d28ad3486cbc']
2024-10-29 09:54:12,846 btp INFO Managing organization for Sybe A. de Vries: 5a479a12-3016-4d83-8313-393fdf362c3c
2024-10-29 09:54:12,846 btp INFO Found associations for Sybe A. de Vries: ['5a479a12-3016-4d83-8313-393fdf362c3c', '919f31cf-6650-4ef0-bfdb-d28ad3486cbc']
2024-10-29 09:54:14,753 btp INFO Person found with https://ror.org/04pp8hn57
2024-10-29 09:54:14,754 btp INFO Managing organization for Jasper P. Sluijs: 262bb7c5-96e0-491b-9ba3-2e4ceefa5384
2024-10-29 09:54:14,755 btp INFO Found associations for Jasper P. Sluijs: ['262bb7c5-96e0-491b-9ba3-2e4ceefa5384', '919f31cf-6650-4ef0-bfdb-d28ad3486cbc', 'f587dbce-288c-4ae3-9dde-2dd2dd1763ec']
2024-10-29 09:54:14,755 btp INFO Found associations for Karin C.J. Van Look: ['278d173c-880b-4edb-a1d2-a9e4522c61ae']
2024-10-29 09:54:18,030 btp INFO Person found with https://ror.org/04pp8hn57
2024-10-29 09:54:18,032 btp INFO Found associations for Machiel Bouwmans: []
2024-10-29 09:54:18,032 btp INFO Found associations for Elly de Bruijn: []
2024-10-29 09:54:18,645 btp INFO Managing organization for J.A.E. Vervaele: eb009c81-511a-4793-ba14-73fec8e73995
2024-10-29 09:54:18,645 btp INFO Found associations for J.A.E. Vervaele: ['eb009c81-511a-4793-ba14-73fec8e73995']
2024-10-29 09:54:19,872 btp INFO Managing organization for Yilong Xu: 0768435e-41ca-4121-a6d5-2bf2ce611d29
2024-10-29 09:54:19,872 btp INFO Found associations for Yilong Xu: ['0768435e-41ca-4121-a6d5-2bf2ce611d29', '6e85b09c-77ad-420a-98a0-ed684254abe9']
2024-10-29 09:54:20,795 btp INFO Managing organization for Fredo Schotanus: 2b6b638f-2cd2-48b6-bb10-33f2498926cd
2024-10-29 09:54:20,795 btp INFO Found associations for Fredo Schotanus: ['2b6b638f-2cd2-48b6-bb10-33f2498926cd', '6e85b09c-77ad-420a-98a0-ed684254abe9']
2024-10-29 09:54:20,796 btp INFO Found associations for Ruben Nicolas: ['2b6b638f-2cd2-48b6-bb10-33f2498926cd', '6e85b09c-77ad-420a-98a0-ed684254abe9']
2024-10-29 09:54:21,921 btp INFO Managing organization for Rosanna Nagtegaal: 6b33bd63-eaf5-49f8-ae5b-9f7c5af6d5f2
2024-10-29 09:54:21,921 btp INFO Found associations for Rosanna Nagtegaal: ['6b33bd63-eaf5-49f8-ae5b-9f7c5af6d5f2', '9c2e9888-4c1e-40c1-a020-099b1fde0080']
2024-10-29 09:54:21,921 btp INFO Found associations for N.C. de Boer: ['6b33bd63-eaf5-49f8-ae5b-9f7c5af6d5f2', '9c2e9888-4c1e-40c1-a020-099b1fde0080']
2024-10-29 09:54:21,921 btp INFO Found associations for Lars Tummers: ['6b33bd63-eaf5-49f8-ae5b-9f7c5af6d5f2', '9c2e9888-4c1e-40c1-a020-099b1fde0080']
2024-10-29 09:54:25,115 btp INFO Managing organization for Catalina Goanta: 5b8bbb19-5874-4747-993a-a44d32a11f0a
2024-10-29 09:54:25,115 btp INFO Found associations for Catalina Goanta: ['5b8bbb19-5874-4747-993a-a44d32a11f0a', '919f31cf-6650-4ef0-bfdb-d28ad3486cbc']
2024-10-29 09:54:25,117 btp ERROR No ISSN for A Multimodal Analysis of Influencer Content on Twitter
2024-10-29 09:54:28,883 btp WARNING Multiple or no orgs found for https://ror.org/008xxew50
2024-10-29 09:54:29,396 btp INFO Person found with https://ror.org/057w15z03
2024-10-29 09:54:29,398 btp INFO Found associations for Franziska Heinicke: []
2024-10-29 09:54:29,398 btp INFO Managing organization for Stephanie Rosenkranz: 75b7143d-552d-4147-832d-8a28ebaabaae
2024-10-29 09:54:29,398 btp INFO Found associations for Stephanie Rosenkranz: ['75b7143d-552d-4147-832d-8a28ebaabaae', '6e85b09c-77ad-420a-98a0-ed684254abe9']
2024-10-29 09:54:29,398 btp INFO Found associations for Utz Weitzel: []
2024-10-29 09:54:31,601 btp INFO Person found with https://ror.org/02c2kyt77
2024-10-29 09:54:32,151 btp INFO Managing organization for Wolter Hassink: d4d79f32-9826-4256-b321-155c380b13f1
2024-10-29 09:54:32,151 btp INFO Found associations for Wolter Hassink: ['d4d79f32-9826-4256-b321-155c380b13f1', '331faa85-8f6f-431d-a34c-c8b5ee6afae8', '6e85b09c-77ad-420a-98a0-ed684254abe9']
2024-10-29 09:54:47,316 btp INFO Person found with https://ror.org/0575yy874
2024-10-29 09:54:47,980 btp INFO Person found with https://ror.org/0575yy874
2024-10-29 09:54:48,545 btp INFO Person found with https://ror.org/0575yy874
2024-10-29 09:54:49,058 btp INFO Person found with https://ror.org/0575yy874
2024-10-29 09:54:49,526 btp INFO Person found with https://ror.org/0575yy874
2024-10-29 09:54:50,451 btp INFO Person found with https://ror.org/0575yy874
2024-10-29 09:54:51,001 btp INFO Person found with https://ror.org/0575yy874
2024-10-29 09:54:51,002 btp INFO Managing organization for Stephan Grimmelikhuijsen: cb486bb8-5d65-42df-bc29-e04a08b926cd
2024-10-29 09:54:51,002 btp INFO Found associations for Stephan Grimmelikhuijsen: ['cb486bb8-5d65-42df-bc29-e04a08b926cd', '9c2e9888-4c1e-40c1-a020-099b1fde0080']
2024-10-29 09:54:53,450 btp INFO Managing organization for Timo Verlaat: c6750865-d5a4-45d6-8f00-3e452963fd66
2024-10-29 09:54:53,451 btp INFO Found associations for Timo Verlaat: ['c6750865-d5a4-45d6-8f00-3e452963fd66']
2024-10-29 09:54:53,451 btp INFO Found associations for Stephanie Rosenkranz: ['75b7143d-552d-4147-832d-8a28ebaabaae', '6e85b09c-77ad-420a-98a0-ed684254abe9']
2024-10-29 09:54:53,451 btp INFO Found associations for Loek Groot: ['4c5e4087-4b6c-4af8-8b27-7b6cb9e61fef', '6e85b09c-77ad-420a-98a0-ed684254abe9']
2024-10-29 09:54:53,451 btp INFO Found associations for Mark Sanders: []
2024-10-29 09:55:02,553 btp INFO Found associations for Stef Van Der Hoeven: []
2024-10-29 09:55:02,553 btp INFO Managing organization for Maarten van Bottenburg: 8620cce3-0608-4b99-b700-9f2a9ad91211
2024-10-29 09:55:02,553 btp INFO Found associations for Maarten van Bottenburg: ['8620cce3-0608-4b99-b700-9f2a9ad91211', '9c2e9888-4c1e-40c1-a020-099b1fde0080']
2024-10-29 09:55:05,546 btp INFO Managing organization for Xing Li: ce901f59-e4a3-4269-9976-ca7f534d193c
2024-10-29 09:55:05,546 btp INFO Found associations for Xing Li: ['ce901f59-e4a3-4269-9976-ca7f534d193c']
2024-10-29 09:55:05,546 btp INFO Found associations for Wanxiang Cai: []
2024-10-29 09:55:05,546 btp INFO Found associations for Niels Bosma: ['ce901f59-e4a3-4269-9976-ca7f534d193c', '6e85b09c-77ad-420a-98a0-ed684254abe9']
2024-10-29 09:55:06,299 btp INFO Managing organization for Brianne McGonigle Leyh: 501a2c5f-2b08-427b-a8d2-422c5d00c4dd
2024-10-29 09:55:06,299 btp INFO Found associations for Brianne McGonigle Leyh: ['501a2c5f-2b08-427b-a8d2-422c5d00c4dd', '73704d1c-b898-46a0-8a18-9f712748835d']
2024-10-29 09:55:11,586 btp INFO Person found with https://ror.org/0575yy874
2024-10-29 09:55:12,201 btp INFO Person found with https://ror.org/04pp8hn57
2024-10-29 09:55:13,019 btp INFO Person found with https://ror.org/0575yy874
2024-10-29 09:55:13,531 btp INFO Person found with https://ror.org/0575yy874
2024-10-29 09:55:14,350 btp INFO Person found with https://ror.org/0575yy874
2024-10-29 09:55:14,965 btp INFO Person found with https://ror.org/0575yy874
2024-10-29 09:55:15,579 btp INFO Person found with https://ror.org/0575yy874
2024-10-29 09:55:15,581 btp INFO Managing organization for Stephan Grimmelikhuijsen: cb486bb8-5d65-42df-bc29-e04a08b926cd
2024-10-29 09:55:15,581 btp INFO Found associations for Stephan Grimmelikhuijsen: ['cb486bb8-5d65-42df-bc29-e04a08b926cd', '9c2e9888-4c1e-40c1-a020-099b1fde0080']
2024-10-29 09:55:15,990 btp INFO 1: errors, see log for more info
2024-10-29 09:55:15,990 btp INFO 29: successes
2024-10-29 09:55:15,990 btp INFO 20: already in pure
2024-10-29 09:55:15,990 btp INFO Script to update researchoutput in pure from ricgraph has ended
2024-10-29 09:56:55,862 btp INFO Script to update researchoutput in pure from ricgraph has started
2024-10-29 09:56:55,938 btp INFO Processing faculty: uu faculty: faculteit rebo|organization_name
2024-10-29 09:58:46,135 btp INFO total research output selected in ricgraph:  320
2024-10-29 09:58:46,135 btp INFO research output selected in ricgraph, not in pure:  53
2024-10-29 09:58:46,135 btp INFO start fetching open alex
2024-10-29 09:58:46,943 btp INFO end fetching open alex
2024-10-29 09:58:57,995 btp ERROR No ISSN for LeXFiles and LegalLAMA: Facilitating English Multinational Legal Language Model Development
2024-10-29 09:59:28,128 btp ERROR No ISSN for Regulation and NLP (RegNLP): Taming Large Language Models
2024-10-29 10:00:06,507 btp ERROR No ISSN for A Multimodal Analysis of Influencer Content on Twitter
2024-10-29 10:00:30,055 btp ERROR Error searching for https://ror.org/0575yy874
2024-10-29 10:07:20,209 btp INFO Script to update researchoutput in pure from ricgraph has started
2024-10-29 10:07:20,284 btp INFO Processing faculty: uu faculty: faculteit rebo|organization_name
2024-10-29 10:09:15,881 btp INFO total research output selected in ricgraph:  320
2024-10-29 10:09:15,881 btp INFO research output selected in ricgraph, not in pure:  53
2024-10-29 10:09:15,882 btp INFO start fetching open alex
2024-10-29 10:09:16,708 btp INFO end fetching open alex
2024-10-29 10:09:35,825 btp ERROR No ISSN for LeXFiles and LegalLAMA: Facilitating English Multinational Legal Language Model Development
2024-10-29 10:10:17,836 btp ERROR No ISSN for Regulation and NLP (RegNLP): Taming Large Language Models
2024-10-29 10:11:10,888 btp ERROR No ISSN for A Multimodal Analysis of Influencer Content on Twitter
2024-10-29 10:12:24,942 btp INFO 1: errors, see log for more info
2024-10-29 10:12:24,942 btp INFO 29: successes
2024-10-29 10:12:24,942 btp INFO 20: already in pure
2024-10-29 10:12:24,942 btp INFO Script to update researchoutput in pure from ricgraph has ended
2024-10-29 10:14:41,058 btp INFO Script to update researchoutput in pure from ricgraph has started
2024-10-29 10:14:41,136 btp INFO Processing faculty: uu faculty: faculteit rebo|organization_name
2024-10-29 10:16:39,862 btp INFO total research output selected in ricgraph:  320
2024-10-29 10:16:39,862 btp INFO research output selected in ricgraph, not in pure:  53
2024-10-29 10:16:39,863 btp INFO start fetching open alex
2024-10-29 10:16:40,720 btp INFO end fetching open alex
2024-10-29 10:22:50,900 btp INFO 1: errors, see log for more info
2024-10-29 10:22:50,900 btp INFO 29: successes
2024-10-29 10:22:50,900 btp INFO 20: already in pure
2024-10-29 10:22:50,900 btp INFO Script to update researchoutput in pure from ricgraph has ended
2024-10-29 10:32:49,000 btp INFO Script to update researchoutput in pure from ricgraph has started
2024-10-29 10:32:49,078 btp INFO Processing faculty: uu faculty: faculteit rebo|organization_name
2024-10-29 10:34:32,101 btp INFO total research output selected in ricgraph:  320
2024-10-29 10:34:32,101 btp INFO research output selected in ricgraph, not in pure:  53
2024-10-29 10:34:32,101 btp INFO start fetching open alex
2024-10-29 10:34:32,967 btp INFO Total number of works fetched: 52
2024-10-29 10:34:32,967 btp INFO End fetching from OpenAlex
2024-10-29 10:37:36,724 btp INFO 1: errors, see log for more info
2024-10-29 10:37:36,724 btp INFO 29: successes
2024-10-29 10:37:36,724 btp INFO 20: already in pure
2024-10-29 10:37:36,724 btp INFO Script to update researchoutput in pure from ricgraph has ended
2024-10-29 10:40:37,362 btp INFO Script to update researchoutput in pure from ricgraph has started
2024-10-29 10:40:37,438 btp INFO Processing faculty: uu faculty: faculteit rebo|organization_name
2024-10-29 10:42:30,356 btp INFO total research output selected in ricgraph:  320
2024-10-29 10:42:30,357 btp INFO research output selected in ricgraph, not in pure:  53
2024-10-29 10:42:30,357 btp INFO start fetching open alex
2024-10-29 10:42:31,283 btp INFO Total number of works fetched: 52
2024-10-29 10:42:31,283 btp INFO End fetching from OpenAlex
2024-10-29 10:42:31,367 btp INFO data transformed: 52
2024-10-29 10:43:43,063 btp INFO Script to update researchoutput in pure from ricgraph has started
2024-10-29 10:43:43,140 btp INFO Processing faculty: uu faculty: faculteit rebo|organization_name
2024-10-29 10:45:38,119 btp INFO total research output selected in ricgraph:  320
2024-10-29 10:45:38,119 btp INFO research output selected in ricgraph, not in pure:  53
2024-10-29 10:45:38,119 btp INFO start fetching open alex
2024-10-29 10:45:38,882 btp INFO Total number of works fetched: 52
2024-10-29 10:45:38,882 btp INFO End fetching from OpenAlex
2024-10-29 10:45:38,987 btp INFO data transformed: 52
2024-10-29 10:48:04,183 btp INFO 1: errors, see log for more info
2024-10-29 10:48:04,183 btp INFO 29: successes
2024-10-29 10:48:04,183 btp INFO 20: already in pure
2024-10-29 10:48:04,183 btp INFO Script to update researchoutput in pure from ricgraph has ended
2024-10-29 10:48:38,356 btp INFO Script to update researchoutput in pure from ricgraph has started
2024-10-29 10:48:38,465 btp INFO Processing faculty: uu faculty: faculteit rebo|organization_name
2024-10-29 10:50:22,009 btp INFO total research output selected in ricgraph:  320
2024-10-29 10:50:22,009 btp INFO research output selected in ricgraph, not in pure:  53
2024-10-29 10:50:22,010 btp INFO start fetching open alex
2024-10-29 10:50:22,813 btp INFO Total number of works fetched: 52
2024-10-29 10:50:22,814 btp INFO End fetching from OpenAlex
2024-10-29 10:50:22,889 btp INFO data transformed: 52
2024-10-29 10:52:04,813 btp INFO 1: errors, see log for more info
2024-10-29 10:52:04,813 btp INFO 29: successes
2024-10-29 10:52:04,813 btp INFO 20: already in pure
2024-10-29 10:52:04,813 btp INFO Script to update researchoutput in pure from ricgraph has ended
2024-10-29 10:55:07,459 btp INFO Script to update researchoutput in pure from ricgraph has started
2024-10-29 10:55:07,540 btp INFO Processing faculty: uu faculty: faculteit geesteswetenschappen|organization_name
2024-10-29 10:57:54,631 btp INFO total research output selected in ricgraph:  395
2024-10-29 10:57:54,631 btp INFO research output selected in ricgraph, not in pure:  45
2024-10-29 10:57:54,632 btp INFO start fetching open alex
2024-10-29 10:57:56,196 btp INFO Total number of works fetched: 43
2024-10-29 10:57:56,196 btp INFO End fetching from OpenAlex
2024-10-29 10:57:56,204 root INFO Publication ID https://openalex.org/W4319602633 not processed. Missing fields: contributors
2024-10-29 10:57:56,279 btp INFO data transformed: 42
2024-10-29 11:00:51,284 btp INFO Script to update researchoutput in pure from ricgraph has started
2024-10-29 11:00:51,358 btp INFO Processing faculty: uu faculty: faculteit geesteswetenschappen|organization_name
2024-10-29 11:03:35,850 btp INFO total research output selected in ricgraph:  395
2024-10-29 11:03:35,850 btp INFO research output selected in ricgraph, not in pure:  45
2024-10-29 11:03:35,850 btp INFO start fetching open alex
2024-10-29 11:03:37,069 btp INFO Total number of works fetched: 43
2024-10-29 11:03:37,070 btp INFO End fetching from OpenAlex
2024-10-29 11:03:37,076 root INFO Publication ID https://openalex.org/W4319602633 not processed. Missing fields: contributors
2024-10-29 11:03:37,153 btp INFO data transformed: 42
2024-10-29 11:08:52,729 btp INFO Script to update researchoutput in pure from ricgraph has started
2024-10-29 11:08:52,802 btp INFO Processing faculty: uu faculty: faculteit geesteswetenschappen|organization_name
2024-10-29 11:11:42,914 btp INFO total research output selected in ricgraph:  395
2024-10-29 11:11:42,914 btp INFO research output selected in ricgraph, not in pure:  45
2024-10-29 11:11:42,915 btp INFO start fetching open alex
2024-10-29 11:11:44,087 btp INFO Total number of works fetched: 43
2024-10-29 11:11:44,087 btp INFO End fetching from OpenAlex
2024-10-29 11:11:44,095 root INFO Publication ID https://openalex.org/W4319602633 not processed. Missing fields: contributors
2024-10-29 11:11:44,168 btp INFO data transformed: 42
2024-10-29 11:13:03,026 btp INFO 1: errors, see log for more info
2024-10-29 11:13:03,026 btp INFO 4: successes
2024-10-29 11:13:03,026 btp INFO 36: already in pure
2024-10-29 11:13:03,027 btp INFO Script to update researchoutput in pure from ricgraph has ended
2024-10-29 11:13:50,450 btp INFO Script to update researchoutput in pure from ricgraph has started
2024-10-29 11:13:50,523 btp INFO Processing faculty: uu faculty: faculteit geesteswetenschappen|organization_name
2024-10-29 11:16:52,333 btp INFO total research output selected in ricgraph:  395
2024-10-29 11:16:52,333 btp INFO research output selected in ricgraph, not in pure:  45
2024-10-29 11:16:52,334 btp INFO start fetching open alex
2024-10-29 11:16:53,532 btp INFO Total number of works fetched: 43
2024-10-29 11:16:53,532 btp INFO End fetching from OpenAlex
2024-10-29 11:16:53,538 root INFO Publication ID https://openalex.org/W4319602633 not processed. Missing fields: contributors
2024-10-29 11:16:53,607 btp INFO data transformed: 42
2024-10-29 11:18:20,570 btp INFO 1: errors, see log for more info
2024-10-29 11:18:20,570 btp INFO 4: successes
2024-10-29 11:18:20,570 btp INFO 36: already in pure
2024-10-29 11:18:20,571 btp INFO Script to update researchoutput in pure from ricgraph has ended
